x:\_dev\digipen\digipenwanicyear2projects\digipenwanicprojectsyear2\cs230\cs230 project2\x64\debug\betaframework.pch
x:\_dev\digipen\digipenwanicyear2projects\digipenwanicprojectsyear2\cs230\cs230 project2\x64\debug\vc141.pdb
x:\_dev\digipen\digipenwanicyear2projects\digipenwanicprojectsyear2\cs230\cs230 project2\x64\debug\stdafx.obj
x:\_dev\digipen\digipenwanicyear2projects\digipenwanicprojectsyear2\cs230\cs230 project2\x64\debug\transform.obj
x:\_dev\digipen\digipenwanicyear2projects\digipenwanicprojectsyear2\cs230\cs230 project2\x64\debug\spritesource.obj
x:\_dev\digipen\digipenwanicyear2projects\digipenwanicprojectsyear2\cs230\cs230 project2\x64\debug\sprite.obj
x:\_dev\digipen\digipenwanicyear2projects\digipenwanicprojectsyear2\cs230\cs230 project2\x64\debug\physics.obj
x:\_dev\digipen\digipenwanicyear2projects\digipenwanicprojectsyear2\cs230\cs230 project2\x64\debug\meshhelper.obj
x:\_dev\digipen\digipenwanicyear2projects\digipenwanicprojectsyear2\cs230\cs230 project2\x64\debug\matrix2dstudent.obj
x:\_dev\digipen\digipenwanicyear2projects\digipenwanicprojectsyear2\cs230\cs230 project2\x64\debug\main.obj
x:\_dev\digipen\digipenwanicyear2projects\digipenwanicprojectsyear2\cs230\cs230 project2\x64\debug\level.obj
x:\_dev\digipen\digipenwanicyear2projects\digipenwanicprojectsyear2\cs230\cs230 project2\x64\debug\gameobject.obj
x:\_dev\digipen\digipenwanicyear2projects\digipenwanicprojectsyear2\cs230\cs230 project2\x64\debug\component.obj
x:\_dev\digipen\digipenwanicyear2projects\digipenwanicprojectsyear2\cs230\cs230 project2\x64\debug\archetypes.obj
x:\_dev\digipen\digipenwanicyear2projects\digipenwanicprojectsyear2\cs230\cs230 project2\x64\debug\animation.obj
x:\_dev\digipen\digipenwanicyear2projects\digipenwanicprojectsyear2\cs230\cs230 project2\x64\debug\level1.obj
x:\_dev\digipen\digipenwanicyear2projects\digipenwanicprojectsyear2\cs230\cs230 project2\x64\debug\level2.obj
x:\_dev\digipen\digipenwanicyear2projects\digipenwanicprojectsyear2\cs230\cs230 project2\x64\debug\timeddeath.obj
x:\_dev\digipen\digipenwanicyear2projects\digipenwanicprojectsyear2\cs230\cs230 project2\x64\debug\playership.obj
x:\_dev\digipen\digipenwanicyear2projects\digipenwanicprojectsyear2\cs230\cs230 project2\x64\debug\space.obj
x:\_dev\digipen\digipenwanicyear2projects\digipenwanicprojectsyear2\cs230\cs230 project2\x64\debug\betaframework.pdb
x:\_dev\digipen\digipenwanicyear2projects\digipenwanicprojectsyear2\cs230\cs230 project2\\x64\debug\betaframework.pdb
x:\_dev\digipen\digipenwanicyear2projects\digipenwanicprojectsyear2\cs230\cs230 project2\x64\debug\cs230project2.tlog\cl.command.1.tlog
x:\_dev\digipen\digipenwanicyear2projects\digipenwanicprojectsyear2\cs230\cs230 project2\x64\debug\cs230project2.tlog\cl.read.1.tlog
x:\_dev\digipen\digipenwanicyear2projects\digipenwanicprojectsyear2\cs230\cs230 project2\x64\debug\cs230project2.tlog\cl.write.1.tlog
x:\_dev\digipen\digipenwanicyear2projects\digipenwanicprojectsyear2\cs230\cs230 project2\x64\debug\cs230project2.tlog\link-cvtres.read.1.tlog
x:\_dev\digipen\digipenwanicyear2projects\digipenwanicprojectsyear2\cs230\cs230 project2\x64\debug\cs230project2.tlog\link-cvtres.write.1.tlog
x:\_dev\digipen\digipenwanicyear2projects\digipenwanicprojectsyear2\cs230\cs230 project2\x64\debug\cs230project2.tlog\link-rc.read.1.tlog
x:\_dev\digipen\digipenwanicyear2projects\digipenwanicprojectsyear2\cs230\cs230 project2\x64\debug\cs230project2.tlog\link-rc.write.1.tlog
x:\_dev\digipen\digipenwanicyear2projects\digipenwanicprojectsyear2\cs230\cs230 project2\x64\debug\cs230project2.tlog\link.command.1.tlog
x:\_dev\digipen\digipenwanicyear2projects\digipenwanicprojectsyear2\cs230\cs230 project2\x64\debug\cs230project2.tlog\link.read.1.tlog
x:\_dev\digipen\digipenwanicyear2projects\digipenwanicprojectsyear2\cs230\cs230 project2\x64\debug\cs230project2.tlog\link.write.1.tlog
