c:\users\jacob.holyfield\documents\digipenwanicprojectsyear2\cs230\cs230 project5\x64\debug\betaframework.pch
c:\users\jacob.holyfield\documents\digipenwanicprojectsyear2\cs230\cs230 project5\x64\debug\vc141.pdb
c:\users\jacob.holyfield\documents\digipenwanicprojectsyear2\cs230\cs230 project5\x64\debug\vc141.idb
c:\users\jacob.holyfield\documents\digipenwanicprojectsyear2\cs230\cs230 project5\x64\debug\stdafx.obj
c:\users\jacob.holyfield\documents\digipenwanicprojectsyear2\cs230\cs230 project5\x64\debug\archetypes.obj
c:\users\jacob.holyfield\documents\digipenwanicprojectsyear2\cs230\cs230 project5\x64\debug\colorchange.obj
c:\users\jacob.holyfield\documents\digipenwanicprojectsyear2\cs230\cs230 project5\x64\debug\level2.obj
c:\users\jacob.holyfield\documents\digipenwanicprojectsyear2\cs230\cs230 project5\x64\debug\level1.obj
c:\users\jacob.holyfield\documents\digipenwanicprojectsyear2\cs230\cs230 project5\x64\debug\level3.obj
c:\users\jacob.holyfield\documents\digipenwanicprojectsyear2\cs230\cs230 project5\x64\debug\main.obj
c:\users\jacob.holyfield\documents\digipenwanicprojectsyear2\cs230\cs230 project5\x64\debug\monkeymovement.obj
c:\users\jacob.holyfield\documents\digipenwanicprojectsyear2\cs230\cs230 project5\x64\debug\playership.obj
c:\users\jacob.holyfield\documents\digipenwanicprojectsyear2\cs230\cs230 project5\x64\debug\screenwrap.obj
c:\users\jacob.holyfield\documents\digipenwanicprojectsyear2\cs230\cs230 project5\x64\debug\timeddeath.obj
c:\users\jacob.holyfield\documents\digipenwanicprojectsyear2\cs230\cs230 project5\x64\debug\bulletmovement.obj
c:\users\jacob.holyfield\documents\digipenwanicprojectsyear2\cs230\cs230 project5\x64\debug\betaframework.ilk
c:\users\jacob.holyfield\documents\digipenwanicprojectsyear2\cs230\cs230 project5\x64\debug\betaframework.exe
c:\users\jacob.holyfield\documents\digipenwanicprojectsyear2\cs230\cs230 project5\x64\debug\betaframework.pdb
c:\users\jacob.holyfield\documents\digipenwanicprojectsyear2\cs230\cs230 project5\x64\debug\betalow_x64_d.pdb
c:\users\jacob.holyfield\documents\digipenwanicprojectsyear2\cs230\cs230 project5\\x64\debug\betaframework.pdb
c:\users\jacob.holyfield\documents\digipenwanicprojectsyear2\cs230\cs230 project5\\x64\debug\betaframework.exe
c:\users\jacob.holyfield\documents\digipenwanicprojectsyear2\cs230\cs230 project5\\x64\debug\betaframework.ilk
c:\users\jacob.holyfield\documents\digipenwanicprojectsyear2\cs230\cs230 project5\x64\debug\cs230project5.tlog\cl.command.1.tlog
c:\users\jacob.holyfield\documents\digipenwanicprojectsyear2\cs230\cs230 project5\x64\debug\cs230project5.tlog\cl.read.1.tlog
c:\users\jacob.holyfield\documents\digipenwanicprojectsyear2\cs230\cs230 project5\x64\debug\cs230project5.tlog\cl.write.1.tlog
c:\users\jacob.holyfield\documents\digipenwanicprojectsyear2\cs230\cs230 project5\x64\debug\cs230project5.tlog\link.command.1.tlog
c:\users\jacob.holyfield\documents\digipenwanicprojectsyear2\cs230\cs230 project5\x64\debug\cs230project5.tlog\link.read.1.tlog
c:\users\jacob.holyfield\documents\digipenwanicprojectsyear2\cs230\cs230 project5\x64\debug\cs230project5.tlog\link.write.1.tlog
