c:\users\jacob.holyfield\documents\digipenwanicprojectsyear2\cs230\cs230 lab8\x64\release\betaframework.pch
c:\users\jacob.holyfield\documents\digipenwanicprojectsyear2\cs230\cs230 lab8\x64\release\vc141.pdb
c:\users\jacob.holyfield\documents\digipenwanicprojectsyear2\cs230\cs230 lab8\x64\release\stdafx.obj
c:\users\jacob.holyfield\documents\digipenwanicprojectsyear2\cs230\cs230 lab8\x64\release\winlevel.obj
c:\users\jacob.holyfield\documents\digipenwanicprojectsyear2\cs230\cs230 lab8\x64\release\timeddeath.obj
c:\users\jacob.holyfield\documents\digipenwanicprojectsyear2\cs230\cs230 lab8\x64\release\screenwrap.obj
c:\users\jacob.holyfield\documents\digipenwanicprojectsyear2\cs230\cs230 lab8\x64\release\playership.obj
c:\users\jacob.holyfield\documents\digipenwanicprojectsyear2\cs230\cs230 lab8\x64\release\platformer.obj
c:\users\jacob.holyfield\documents\digipenwanicprojectsyear2\cs230\cs230 lab8\x64\release\monkeymovement.obj
c:\users\jacob.holyfield\documents\digipenwanicprojectsyear2\cs230\cs230 lab8\x64\release\main.obj
c:\users\jacob.holyfield\documents\digipenwanicprojectsyear2\cs230\cs230 lab8\x64\release\level3.obj
c:\users\jacob.holyfield\documents\digipenwanicprojectsyear2\cs230\cs230 lab8\x64\release\level1.obj
c:\users\jacob.holyfield\documents\digipenwanicprojectsyear2\cs230\cs230 lab8\x64\release\level2.obj
c:\users\jacob.holyfield\documents\digipenwanicprojectsyear2\cs230\cs230 lab8\x64\release\enemy.obj
c:\users\jacob.holyfield\documents\digipenwanicprojectsyear2\cs230\cs230 lab8\x64\release\colorchange.obj
c:\users\jacob.holyfield\documents\digipenwanicprojectsyear2\cs230\cs230 lab8\x64\release\bulletmovement.obj
c:\users\jacob.holyfield\documents\digipenwanicprojectsyear2\cs230\cs230 lab8\x64\release\archetypes.obj
c:\users\jacob.holyfield\documents\digipenwanicprojectsyear2\cs230\cs230 lab8\x64\release\betaframework.ipdb
c:\users\jacob.holyfield\documents\digipenwanicprojectsyear2\cs230\cs230 lab8\x64\release\betaframework.iobj
c:\users\jacob.holyfield\documents\digipenwanicprojectsyear2\cs230\cs230 lab8\x64\release\betaframework.exe
c:\users\jacob.holyfield\documents\digipenwanicprojectsyear2\cs230\cs230 lab8\x64\release\betaframework.pdb
c:\users\jacob.holyfield\documents\digipenwanicprojectsyear2\cs230\cs230 lab8\\x64\release\betaframework.pdb
c:\users\jacob.holyfield\documents\digipenwanicprojectsyear2\cs230\cs230 lab8\\x64\release\betaframework.exe
c:\users\jacob.holyfield\documents\digipenwanicprojectsyear2\cs230\cs230 lab8\x64\release\cs230lab8.tlog\cl.command.1.tlog
c:\users\jacob.holyfield\documents\digipenwanicprojectsyear2\cs230\cs230 lab8\x64\release\cs230lab8.tlog\cl.read.1.tlog
c:\users\jacob.holyfield\documents\digipenwanicprojectsyear2\cs230\cs230 lab8\x64\release\cs230lab8.tlog\cl.write.1.tlog
c:\users\jacob.holyfield\documents\digipenwanicprojectsyear2\cs230\cs230 lab8\x64\release\cs230lab8.tlog\cs230lab8.write.1u.tlog
c:\users\jacob.holyfield\documents\digipenwanicprojectsyear2\cs230\cs230 lab8\x64\release\cs230lab8.tlog\link.command.1.tlog
c:\users\jacob.holyfield\documents\digipenwanicprojectsyear2\cs230\cs230 lab8\x64\release\cs230lab8.tlog\link.read.1.tlog
c:\users\jacob.holyfield\documents\digipenwanicprojectsyear2\cs230\cs230 lab8\x64\release\cs230lab8.tlog\link.write.1.tlog
