  stdafx.cpp
  Transform.cpp
  Tilemap.cpp
  SpriteTilemap.cpp
  SpriteText.cpp
  SpriteSource.cpp
  Sprite.cpp
  Space.cpp
  SoundManager.cpp
  Serializable.cpp
  ResourceManager.cpp
  Physics.cpp
  Parser.cpp
  MeshHelper.cpp
  Matrix2DStudent.cpp
  Level.cpp
  Intersection2D.cpp
  GameObjectManager.cpp
  GameObjectFactory.cpp
  GameObject.cpp
  Component.cpp
  Generating Code...
  Compiling...
  ColliderTilemap.cpp
  ColliderRectangle.cpp
  ColliderPoint.cpp
  ColliderCircle.cpp
  Collider.cpp
  Animation.cpp
  Generating Code...
fmodL64_vc.lib(fmodL64.dll) : warning LNK4006: __NULL_IMPORT_DESCRIPTOR already defined in BetaLow_x64_D.lib(RPCRT4.dll); second definition ignored
fmodL64_vc.lib(fmodL64.dll) : warning LNK4221: This object file does not define any previously undefined public symbols, so it will not be used by any link operation that consumes this library
fmodstudioL64_vc.lib(fmodstudioL64.dll) : warning LNK4006: __NULL_IMPORT_DESCRIPTOR already defined in BetaLow_x64_D.lib(RPCRT4.dll); second definition ignored
fmodstudioL64_vc.lib(fmodstudioL64.dll) : warning LNK4221: This object file does not define any previously undefined public symbols, so it will not be used by any link operation that consumes this library
  HighLevelAPI.vcxproj -> C:\Users\jacob.holyfield\Documents\DigipenWanicProjectsYear2\CS230\CS230 Project4\HighLevelAPI\\lib\BetaHigh_x64_D.lib
