  stdafx.cpp
  ColliderLine.cpp
  Animation.cpp
  Collider.cpp
  ColliderCircle.cpp
  ColliderPoint.cpp
  ColliderRectangle.cpp
  ColliderTilemap.cpp
  Component.cpp
  GameObject.cpp
  GameObjectFactory.cpp
  GameObjectManager.cpp
  Intersection2D.cpp
  Level.cpp
  Matrix2DStudent.cpp
  MeshHelper.cpp
  Parser.cpp
  Physics.cpp
  ResourceManager.cpp
  Serializable.cpp
  SoundManager.cpp
  Compiling...
  Space.cpp
  Sprite.cpp
  SpriteSource.cpp
x:\_dev\digipenwanicprojectsyear2\cs230\cs230 project5\highlevelapi\src\spritesource.cpp(126): warning C4244: 'argument': conversion from 'const unsigned int' to 'float', possible loss of data
  SpriteText.cpp
  SpriteTilemap.cpp
  Tilemap.cpp
  Transform.cpp
BetaLow_x64.lib(gdiplus.dll) : warning LNK4006: __NULL_IMPORT_DESCRIPTOR already defined in BetaLow_x64.lib(RPCRT4.dll); second definition ignored
BetaLow_x64.lib(OPENGL32.dll) : warning LNK4006: __NULL_IMPORT_DESCRIPTOR already defined in BetaLow_x64.lib(RPCRT4.dll); second definition ignored
fmod64_vc.lib(fmod64.dll) : warning LNK4006: __NULL_IMPORT_DESCRIPTOR already defined in BetaLow_x64.lib(RPCRT4.dll); second definition ignored
fmodstudio64_vc.lib(fmodstudio64.dll) : warning LNK4006: __NULL_IMPORT_DESCRIPTOR already defined in BetaLow_x64.lib(RPCRT4.dll); second definition ignored
  HighLevelAPI.vcxproj -> X:\_Dev\DigipenWanicProjectsYear2\CS230\CS230 Project5\HighLevelAPI\\lib\BetaHigh_x64.lib
