x:\_dev\digipenwanicprojectsyear2\cs230\cs230 project4\x64\debug\betaframework.pch
x:\_dev\digipenwanicprojectsyear2\cs230\cs230 project4\x64\debug\vc141.pdb
x:\_dev\digipenwanicprojectsyear2\cs230\cs230 project4\x64\debug\vc141.idb
x:\_dev\digipenwanicprojectsyear2\cs230\cs230 project4\x64\debug\stdafx.obj
x:\_dev\digipenwanicprojectsyear2\cs230\cs230 project4\x64\debug\timeddeath.obj
x:\_dev\digipenwanicprojectsyear2\cs230\cs230 project4\x64\debug\screenwrap.obj
x:\_dev\digipenwanicprojectsyear2\cs230\cs230 project4\x64\debug\playership.obj
x:\_dev\digipenwanicprojectsyear2\cs230\cs230 project4\x64\debug\monkeymovement.obj
x:\_dev\digipenwanicprojectsyear2\cs230\cs230 project4\x64\debug\level3.obj
x:\_dev\digipenwanicprojectsyear2\cs230\cs230 project4\x64\debug\level2.obj
x:\_dev\digipenwanicprojectsyear2\cs230\cs230 project4\x64\debug\level1.obj
x:\_dev\digipenwanicprojectsyear2\cs230\cs230 project4\x64\debug\colorchange.obj
x:\_dev\digipenwanicprojectsyear2\cs230\cs230 project4\x64\debug\archetypes.obj
x:\_dev\digipenwanicprojectsyear2\cs230\cs230 project4\x64\debug\main.obj
x:\_dev\digipenwanicprojectsyear2\cs230\cs230 project4\x64\debug\betaframework.exe
x:\_dev\digipenwanicprojectsyear2\cs230\cs230 project4\x64\debug\betaframework.ilk
x:\_dev\digipenwanicprojectsyear2\cs230\cs230 project4\x64\debug\betaframework.pdb
x:\_dev\digipenwanicprojectsyear2\cs230\cs230 project4\x64\debug\betalow_x64_d.pdb
x:\_dev\digipenwanicprojectsyear2\cs230\cs230 project4\\x64\debug\betaframework.pdb
x:\_dev\digipenwanicprojectsyear2\cs230\cs230 project4\\x64\debug\betaframework.exe
x:\_dev\digipenwanicprojectsyear2\cs230\cs230 project4\\x64\debug\betaframework.ilk
x:\_dev\digipenwanicprojectsyear2\cs230\cs230 project4\x64\debug\cs230project4.tlog\cl.command.1.tlog
x:\_dev\digipenwanicprojectsyear2\cs230\cs230 project4\x64\debug\cs230project4.tlog\cl.read.1.tlog
x:\_dev\digipenwanicprojectsyear2\cs230\cs230 project4\x64\debug\cs230project4.tlog\cl.write.1.tlog
x:\_dev\digipenwanicprojectsyear2\cs230\cs230 project4\x64\debug\cs230project4.tlog\link.command.1.tlog
x:\_dev\digipenwanicprojectsyear2\cs230\cs230 project4\x64\debug\cs230project4.tlog\link.read.1.tlog
x:\_dev\digipenwanicprojectsyear2\cs230\cs230 project4\x64\debug\cs230project4.tlog\link.write.1.tlog
