x:\_dev\digipen\digipenwanicyear2projects\digipenwanicprojectsyear2\cs230\cs230 lab5\x64\debug\betaframework.pch
x:\_dev\digipen\digipenwanicyear2projects\digipenwanicprojectsyear2\cs230\cs230 lab5\x64\debug\vc141.pdb
x:\_dev\digipen\digipenwanicyear2projects\digipenwanicprojectsyear2\cs230\cs230 lab5\x64\debug\stdafx.obj
x:\_dev\digipen\digipenwanicyear2projects\digipenwanicprojectsyear2\cs230\cs230 lab5\x64\debug\transform.obj
x:\_dev\digipen\digipenwanicyear2projects\digipenwanicprojectsyear2\cs230\cs230 lab5\x64\debug\spritesource.obj
x:\_dev\digipen\digipenwanicyear2projects\digipenwanicprojectsyear2\cs230\cs230 lab5\x64\debug\space.obj
x:\_dev\digipen\digipenwanicyear2projects\digipenwanicprojectsyear2\cs230\cs230 lab5\x64\debug\meshhelper.obj
x:\_dev\digipen\digipenwanicyear2projects\digipenwanicprojectsyear2\cs230\cs230 lab5\x64\debug\matrix2dstudent.obj
x:\_dev\digipen\digipenwanicyear2projects\digipenwanicprojectsyear2\cs230\cs230 lab5\x64\debug\main.obj
x:\_dev\digipen\digipenwanicyear2projects\digipenwanicprojectsyear2\cs230\cs230 lab5\x64\debug\level2.obj
x:\_dev\digipen\digipenwanicyear2projects\digipenwanicprojectsyear2\cs230\cs230 lab5\x64\debug\level1.obj
x:\_dev\digipen\digipenwanicyear2projects\digipenwanicprojectsyear2\cs230\cs230 lab5\x64\debug\level.obj
x:\_dev\digipen\digipenwanicyear2projects\digipenwanicprojectsyear2\cs230\cs230 lab5\x64\debug\animation.obj
x:\_dev\digipen\digipenwanicyear2projects\digipenwanicprojectsyear2\cs230\cs230 lab5\x64\debug\sprite.obj
x:\_dev\digipen\digipenwanicyear2projects\digipenwanicprojectsyear2\cs230\cs230 lab5\x64\debug\betaframework.exe
x:\_dev\digipen\digipenwanicyear2projects\digipenwanicprojectsyear2\cs230\cs230 lab5\x64\debug\betaframework.ilk
x:\_dev\digipen\digipenwanicyear2projects\digipenwanicprojectsyear2\cs230\cs230 lab5\x64\debug\betaframework.pdb
x:\_dev\digipen\digipenwanicyear2projects\digipenwanicprojectsyear2\cs230\cs230 lab5\\x64\debug\betaframework.pdb
x:\_dev\digipen\digipenwanicyear2projects\digipenwanicprojectsyear2\cs230\cs230 lab5\\x64\debug\betaframework.exe
x:\_dev\digipen\digipenwanicyear2projects\digipenwanicprojectsyear2\cs230\cs230 lab5\\x64\debug\betaframework.ilk
x:\_dev\digipen\digipenwanicyear2projects\digipenwanicprojectsyear2\cs230\cs230 lab5\x64\debug\cs230lab5.tlog\cl.command.1.tlog
x:\_dev\digipen\digipenwanicyear2projects\digipenwanicprojectsyear2\cs230\cs230 lab5\x64\debug\cs230lab5.tlog\cl.read.1.tlog
x:\_dev\digipen\digipenwanicyear2projects\digipenwanicprojectsyear2\cs230\cs230 lab5\x64\debug\cs230lab5.tlog\cl.write.1.tlog
x:\_dev\digipen\digipenwanicyear2projects\digipenwanicprojectsyear2\cs230\cs230 lab5\x64\debug\cs230lab5.tlog\link.command.1.tlog
x:\_dev\digipen\digipenwanicyear2projects\digipenwanicprojectsyear2\cs230\cs230 lab5\x64\debug\cs230lab5.tlog\link.read.1.tlog
x:\_dev\digipen\digipenwanicyear2projects\digipenwanicprojectsyear2\cs230\cs230 lab5\x64\debug\cs230lab5.tlog\link.write.1.tlog
