c:\users\jacob.holyfield\documents\digipenwanicprojectsyear2\cs230\cs230 project3\x64\debug\betaframework.pch
c:\users\jacob.holyfield\documents\digipenwanicprojectsyear2\cs230\cs230 project3\x64\debug\vc141.pdb
c:\users\jacob.holyfield\documents\digipenwanicprojectsyear2\cs230\cs230 project3\x64\debug\vc141.idb
c:\users\jacob.holyfield\documents\digipenwanicprojectsyear2\cs230\cs230 project3\x64\debug\stdafx.obj
c:\users\jacob.holyfield\documents\digipenwanicprojectsyear2\cs230\cs230 project3\x64\debug\intersection2d.obj
c:\users\jacob.holyfield\documents\digipenwanicprojectsyear2\cs230\cs230 project3\x64\debug\level.obj
c:\users\jacob.holyfield\documents\digipenwanicprojectsyear2\cs230\cs230 project3\x64\debug\level2.obj
c:\users\jacob.holyfield\documents\digipenwanicprojectsyear2\cs230\cs230 project3\x64\debug\level1.obj
c:\users\jacob.holyfield\documents\digipenwanicprojectsyear2\cs230\cs230 project3\x64\debug\level3.obj
c:\users\jacob.holyfield\documents\digipenwanicprojectsyear2\cs230\cs230 project3\x64\debug\main.obj
c:\users\jacob.holyfield\documents\digipenwanicprojectsyear2\cs230\cs230 project3\x64\debug\matrix2dstudent.obj
c:\users\jacob.holyfield\documents\digipenwanicprojectsyear2\cs230\cs230 project3\x64\debug\meshhelper.obj
c:\users\jacob.holyfield\documents\digipenwanicprojectsyear2\cs230\cs230 project3\x64\debug\monkeymovement.obj
c:\users\jacob.holyfield\documents\digipenwanicprojectsyear2\cs230\cs230 project3\x64\debug\physics.obj
c:\users\jacob.holyfield\documents\digipenwanicprojectsyear2\cs230\cs230 project3\x64\debug\platformer.obj
c:\users\jacob.holyfield\documents\digipenwanicprojectsyear2\cs230\cs230 project3\x64\debug\playership.obj
c:\users\jacob.holyfield\documents\digipenwanicprojectsyear2\cs230\cs230 project3\x64\debug\screenwrap.obj
c:\users\jacob.holyfield\documents\digipenwanicprojectsyear2\cs230\cs230 project3\x64\debug\space.obj
c:\users\jacob.holyfield\documents\digipenwanicprojectsyear2\cs230\cs230 project3\x64\debug\sprite.obj
c:\users\jacob.holyfield\documents\digipenwanicprojectsyear2\cs230\cs230 project3\x64\debug\spritesource.obj
c:\users\jacob.holyfield\documents\digipenwanicprojectsyear2\cs230\cs230 project3\x64\debug\spritetilemap.obj
c:\users\jacob.holyfield\documents\digipenwanicprojectsyear2\cs230\cs230 project3\x64\debug\tilemap.obj
c:\users\jacob.holyfield\documents\digipenwanicprojectsyear2\cs230\cs230 project3\x64\debug\timeddeath.obj
c:\users\jacob.holyfield\documents\digipenwanicprojectsyear2\cs230\cs230 project3\x64\debug\transform.obj
c:\users\jacob.holyfield\documents\digipenwanicprojectsyear2\cs230\cs230 project3\x64\debug\animation.obj
c:\users\jacob.holyfield\documents\digipenwanicprojectsyear2\cs230\cs230 project3\x64\debug\archetypes.obj
c:\users\jacob.holyfield\documents\digipenwanicprojectsyear2\cs230\cs230 project3\x64\debug\bulletmovement.obj
c:\users\jacob.holyfield\documents\digipenwanicprojectsyear2\cs230\cs230 project3\x64\debug\collider.obj
c:\users\jacob.holyfield\documents\digipenwanicprojectsyear2\cs230\cs230 project3\x64\debug\collidercircle.obj
c:\users\jacob.holyfield\documents\digipenwanicprojectsyear2\cs230\cs230 project3\x64\debug\colliderpoint.obj
c:\users\jacob.holyfield\documents\digipenwanicprojectsyear2\cs230\cs230 project3\x64\debug\colliderrectangle.obj
c:\users\jacob.holyfield\documents\digipenwanicprojectsyear2\cs230\cs230 project3\x64\debug\collidertilemap.obj
c:\users\jacob.holyfield\documents\digipenwanicprojectsyear2\cs230\cs230 project3\x64\debug\colorchange.obj
c:\users\jacob.holyfield\documents\digipenwanicprojectsyear2\cs230\cs230 project3\x64\debug\component.obj
c:\users\jacob.holyfield\documents\digipenwanicprojectsyear2\cs230\cs230 project3\x64\debug\gameobject.obj
c:\users\jacob.holyfield\documents\digipenwanicprojectsyear2\cs230\cs230 project3\x64\debug\gameobjectmanager.obj
c:\users\jacob.holyfield\documents\digipenwanicprojectsyear2\cs230\cs230 project3\x64\debug\winlevel.obj
c:\users\jacob.holyfield\documents\digipenwanicprojectsyear2\cs230\cs230 project3\x64\debug\betaframework.ilk
c:\users\jacob.holyfield\documents\digipenwanicprojectsyear2\cs230\cs230 project3\x64\debug\betaframework.exe
c:\users\jacob.holyfield\documents\digipenwanicprojectsyear2\cs230\cs230 project3\x64\debug\betaframework.pdb
c:\users\jacob.holyfield\documents\digipenwanicprojectsyear2\cs230\cs230 project3\\x64\debug\betaframework.pdb
c:\users\jacob.holyfield\documents\digipenwanicprojectsyear2\cs230\cs230 project3\\x64\debug\betaframework.exe
c:\users\jacob.holyfield\documents\digipenwanicprojectsyear2\cs230\cs230 project3\\x64\debug\betaframework.ilk
c:\users\jacob.holyfield\documents\digipenwanicprojectsyear2\cs230\cs230 project3\x64\debug\cs230project3.tlog\cl.command.1.tlog
c:\users\jacob.holyfield\documents\digipenwanicprojectsyear2\cs230\cs230 project3\x64\debug\cs230project3.tlog\cl.read.1.tlog
c:\users\jacob.holyfield\documents\digipenwanicprojectsyear2\cs230\cs230 project3\x64\debug\cs230project3.tlog\cl.write.1.tlog
c:\users\jacob.holyfield\documents\digipenwanicprojectsyear2\cs230\cs230 project3\x64\debug\cs230project3.tlog\link.command.1.tlog
c:\users\jacob.holyfield\documents\digipenwanicprojectsyear2\cs230\cs230 project3\x64\debug\cs230project3.tlog\link.read.1.tlog
c:\users\jacob.holyfield\documents\digipenwanicprojectsyear2\cs230\cs230 project3\x64\debug\cs230project3.tlog\link.write.1.tlog
