c:\users\jacob.holyfield\documents\digipenwanicprojectsyear2\cs230\cs230 lab6\x64\debug\betaframework.pch
c:\users\jacob.holyfield\documents\digipenwanicprojectsyear2\cs230\cs230 lab6\x64\debug\vc141.pdb
c:\users\jacob.holyfield\documents\digipenwanicprojectsyear2\cs230\cs230 lab6\x64\debug\vc141.idb
c:\users\jacob.holyfield\documents\digipenwanicprojectsyear2\cs230\cs230 lab6\x64\debug\stdafx.sbr
c:\users\jacob.holyfield\documents\digipenwanicprojectsyear2\cs230\cs230 lab6\x64\debug\stdafx.obj
c:\users\jacob.holyfield\documents\digipenwanicprojectsyear2\cs230\cs230 lab6\x64\debug\main.sbr
c:\users\jacob.holyfield\documents\digipenwanicprojectsyear2\cs230\cs230 lab6\x64\debug\main.obj
c:\users\jacob.holyfield\documents\digipenwanicprojectsyear2\cs230\cs230 lab6\x64\debug\transform.sbr
c:\users\jacob.holyfield\documents\digipenwanicprojectsyear2\cs230\cs230 lab6\x64\debug\timeddeath.sbr
c:\users\jacob.holyfield\documents\digipenwanicprojectsyear2\cs230\cs230 lab6\x64\debug\spritesource.sbr
c:\users\jacob.holyfield\documents\digipenwanicprojectsyear2\cs230\cs230 lab6\x64\debug\sprite.sbr
c:\users\jacob.holyfield\documents\digipenwanicprojectsyear2\cs230\cs230 lab6\x64\debug\space.sbr
c:\users\jacob.holyfield\documents\digipenwanicprojectsyear2\cs230\cs230 lab6\x64\debug\playership.sbr
c:\users\jacob.holyfield\documents\digipenwanicprojectsyear2\cs230\cs230 lab6\x64\debug\physics.sbr
c:\users\jacob.holyfield\documents\digipenwanicprojectsyear2\cs230\cs230 lab6\x64\debug\monkeymovement.sbr
c:\users\jacob.holyfield\documents\digipenwanicprojectsyear2\cs230\cs230 lab6\x64\debug\meshhelper.sbr
c:\users\jacob.holyfield\documents\digipenwanicprojectsyear2\cs230\cs230 lab6\x64\debug\matrix2dstudent.sbr
c:\users\jacob.holyfield\documents\digipenwanicprojectsyear2\cs230\cs230 lab6\x64\debug\level2.sbr
c:\users\jacob.holyfield\documents\digipenwanicprojectsyear2\cs230\cs230 lab6\x64\debug\level1.sbr
c:\users\jacob.holyfield\documents\digipenwanicprojectsyear2\cs230\cs230 lab6\x64\debug\level.sbr
c:\users\jacob.holyfield\documents\digipenwanicprojectsyear2\cs230\cs230 lab6\x64\debug\gameobjectmanager.sbr
c:\users\jacob.holyfield\documents\digipenwanicprojectsyear2\cs230\cs230 lab6\x64\debug\gameobject.sbr
c:\users\jacob.holyfield\documents\digipenwanicprojectsyear2\cs230\cs230 lab6\x64\debug\component.sbr
c:\users\jacob.holyfield\documents\digipenwanicprojectsyear2\cs230\cs230 lab6\x64\debug\bulletmovement.sbr
c:\users\jacob.holyfield\documents\digipenwanicprojectsyear2\cs230\cs230 lab6\x64\debug\archetypes.sbr
c:\users\jacob.holyfield\documents\digipenwanicprojectsyear2\cs230\cs230 lab6\x64\debug\animation.sbr
c:\users\jacob.holyfield\documents\digipenwanicprojectsyear2\cs230\cs230 lab6\x64\debug\animation.obj
c:\users\jacob.holyfield\documents\digipenwanicprojectsyear2\cs230\cs230 lab6\x64\debug\archetypes.obj
c:\users\jacob.holyfield\documents\digipenwanicprojectsyear2\cs230\cs230 lab6\x64\debug\bulletmovement.obj
c:\users\jacob.holyfield\documents\digipenwanicprojectsyear2\cs230\cs230 lab6\x64\debug\component.obj
c:\users\jacob.holyfield\documents\digipenwanicprojectsyear2\cs230\cs230 lab6\x64\debug\gameobject.obj
c:\users\jacob.holyfield\documents\digipenwanicprojectsyear2\cs230\cs230 lab6\x64\debug\level.obj
c:\users\jacob.holyfield\documents\digipenwanicprojectsyear2\cs230\cs230 lab6\x64\debug\level1.obj
c:\users\jacob.holyfield\documents\digipenwanicprojectsyear2\cs230\cs230 lab6\x64\debug\level2.obj
c:\users\jacob.holyfield\documents\digipenwanicprojectsyear2\cs230\cs230 lab6\x64\debug\matrix2dstudent.obj
c:\users\jacob.holyfield\documents\digipenwanicprojectsyear2\cs230\cs230 lab6\x64\debug\meshhelper.obj
c:\users\jacob.holyfield\documents\digipenwanicprojectsyear2\cs230\cs230 lab6\x64\debug\monkeymovement.obj
c:\users\jacob.holyfield\documents\digipenwanicprojectsyear2\cs230\cs230 lab6\x64\debug\physics.obj
c:\users\jacob.holyfield\documents\digipenwanicprojectsyear2\cs230\cs230 lab6\x64\debug\playership.obj
c:\users\jacob.holyfield\documents\digipenwanicprojectsyear2\cs230\cs230 lab6\x64\debug\space.obj
c:\users\jacob.holyfield\documents\digipenwanicprojectsyear2\cs230\cs230 lab6\x64\debug\sprite.obj
c:\users\jacob.holyfield\documents\digipenwanicprojectsyear2\cs230\cs230 lab6\x64\debug\spritesource.obj
c:\users\jacob.holyfield\documents\digipenwanicprojectsyear2\cs230\cs230 lab6\x64\debug\timeddeath.obj
c:\users\jacob.holyfield\documents\digipenwanicprojectsyear2\cs230\cs230 lab6\x64\debug\transform.obj
c:\users\jacob.holyfield\documents\digipenwanicprojectsyear2\cs230\cs230 lab6\x64\debug\gameobjectmanager.obj
c:\users\jacob.holyfield\documents\digipenwanicprojectsyear2\cs230\cs230 lab6\x64\debug\intersection2d.sbr
c:\users\jacob.holyfield\documents\digipenwanicprojectsyear2\cs230\cs230 lab6\x64\debug\colliderpoint.sbr
c:\users\jacob.holyfield\documents\digipenwanicprojectsyear2\cs230\cs230 lab6\x64\debug\collider.sbr
c:\users\jacob.holyfield\documents\digipenwanicprojectsyear2\cs230\cs230 lab6\x64\debug\collider.obj
c:\users\jacob.holyfield\documents\digipenwanicprojectsyear2\cs230\cs230 lab6\x64\debug\colliderpoint.obj
c:\users\jacob.holyfield\documents\digipenwanicprojectsyear2\cs230\cs230 lab6\x64\debug\intersection2d.obj
c:\users\jacob.holyfield\documents\digipenwanicprojectsyear2\cs230\cs230 lab6\x64\debug\colliderrectangle.sbr
c:\users\jacob.holyfield\documents\digipenwanicprojectsyear2\cs230\cs230 lab6\x64\debug\collidercircle.sbr
c:\users\jacob.holyfield\documents\digipenwanicprojectsyear2\cs230\cs230 lab6\x64\debug\collidercircle.obj
c:\users\jacob.holyfield\documents\digipenwanicprojectsyear2\cs230\cs230 lab6\x64\debug\colliderrectangle.obj
c:\users\jacob.holyfield\documents\digipenwanicprojectsyear2\cs230\cs230 lab6\x64\debug\betaframework.ilk
c:\users\jacob.holyfield\documents\digipenwanicprojectsyear2\cs230\cs230 lab6\x64\debug\betaframework.exe
c:\users\jacob.holyfield\documents\digipenwanicprojectsyear2\cs230\cs230 lab6\x64\debug\betaframework.pdb
c:\users\jacob.holyfield\documents\digipenwanicprojectsyear2\cs230\cs230 lab6\x64\debug\betaframework.bsc
c:\users\jacob.holyfield\documents\digipenwanicprojectsyear2\cs230\cs230 lab6\\x64\debug\betaframework.pdb
c:\users\jacob.holyfield\documents\digipenwanicprojectsyear2\cs230\cs230 lab6\\x64\debug\betaframework.bsc
c:\users\jacob.holyfield\documents\digipenwanicprojectsyear2\cs230\cs230 lab6\x64\debug\cs230lab6.tlog\bscmake.command.1.tlog
c:\users\jacob.holyfield\documents\digipenwanicprojectsyear2\cs230\cs230 lab6\x64\debug\cs230lab6.tlog\bscmake.read.1.tlog
c:\users\jacob.holyfield\documents\digipenwanicprojectsyear2\cs230\cs230 lab6\x64\debug\cs230lab6.tlog\cl.command.1.tlog
c:\users\jacob.holyfield\documents\digipenwanicprojectsyear2\cs230\cs230 lab6\x64\debug\cs230lab6.tlog\cl.read.1.tlog
c:\users\jacob.holyfield\documents\digipenwanicprojectsyear2\cs230\cs230 lab6\x64\debug\cs230lab6.tlog\cl.write.1.tlog
c:\users\jacob.holyfield\documents\digipenwanicprojectsyear2\cs230\cs230 lab6\x64\debug\cs230lab6.tlog\link-cvtres.read.1.tlog
c:\users\jacob.holyfield\documents\digipenwanicprojectsyear2\cs230\cs230 lab6\x64\debug\cs230lab6.tlog\link-cvtres.write.1.tlog
c:\users\jacob.holyfield\documents\digipenwanicprojectsyear2\cs230\cs230 lab6\x64\debug\cs230lab6.tlog\link-rc.read.1.tlog
c:\users\jacob.holyfield\documents\digipenwanicprojectsyear2\cs230\cs230 lab6\x64\debug\cs230lab6.tlog\link-rc.write.1.tlog
c:\users\jacob.holyfield\documents\digipenwanicprojectsyear2\cs230\cs230 lab6\x64\debug\cs230lab6.tlog\link.9820-cvtres.read.1.tlog
c:\users\jacob.holyfield\documents\digipenwanicprojectsyear2\cs230\cs230 lab6\x64\debug\cs230lab6.tlog\link.9820-cvtres.write.1.tlog
c:\users\jacob.holyfield\documents\digipenwanicprojectsyear2\cs230\cs230 lab6\x64\debug\cs230lab6.tlog\link.9820-rc.read.1.tlog
c:\users\jacob.holyfield\documents\digipenwanicprojectsyear2\cs230\cs230 lab6\x64\debug\cs230lab6.tlog\link.9820-rc.write.1.tlog
c:\users\jacob.holyfield\documents\digipenwanicprojectsyear2\cs230\cs230 lab6\x64\debug\cs230lab6.tlog\link.9820.read.1.tlog
c:\users\jacob.holyfield\documents\digipenwanicprojectsyear2\cs230\cs230 lab6\x64\debug\cs230lab6.tlog\link.9820.write.1.tlog
c:\users\jacob.holyfield\documents\digipenwanicprojectsyear2\cs230\cs230 lab6\x64\debug\cs230lab6.tlog\link.command.1.tlog
c:\users\jacob.holyfield\documents\digipenwanicprojectsyear2\cs230\cs230 lab6\x64\debug\cs230lab6.tlog\link.read.1.tlog
c:\users\jacob.holyfield\documents\digipenwanicprojectsyear2\cs230\cs230 lab6\x64\debug\cs230lab6.tlog\link.write.1.tlog
