x:\_dev\digipenwanicprojectsyear2\cs230\cs230 project5\highlevelapi\x64\debug\betahigh_x64_d.pch
x:\_dev\digipenwanicprojectsyear2\cs230\cs230 project5\highlevelapi\lib\betahigh_x64_d.pdb
x:\_dev\digipenwanicprojectsyear2\cs230\cs230 project5\highlevelapi\lib\betahigh_x64_d.idb
x:\_dev\digipenwanicprojectsyear2\cs230\cs230 project5\highlevelapi\x64\debug\stdafx.obj
x:\_dev\digipenwanicprojectsyear2\cs230\cs230 project5\highlevelapi\x64\debug\space.obj
x:\_dev\digipenwanicprojectsyear2\cs230\cs230 project5\highlevelapi\x64\debug\soundmanager.obj
x:\_dev\digipenwanicprojectsyear2\cs230\cs230 project5\highlevelapi\x64\debug\serializable.obj
x:\_dev\digipenwanicprojectsyear2\cs230\cs230 project5\highlevelapi\x64\debug\resourcemanager.obj
x:\_dev\digipenwanicprojectsyear2\cs230\cs230 project5\highlevelapi\x64\debug\physics.obj
x:\_dev\digipenwanicprojectsyear2\cs230\cs230 project5\highlevelapi\x64\debug\parser.obj
x:\_dev\digipenwanicprojectsyear2\cs230\cs230 project5\highlevelapi\x64\debug\meshhelper.obj
x:\_dev\digipenwanicprojectsyear2\cs230\cs230 project5\highlevelapi\x64\debug\matrix2dstudent.obj
x:\_dev\digipenwanicprojectsyear2\cs230\cs230 project5\highlevelapi\x64\debug\level.obj
x:\_dev\digipenwanicprojectsyear2\cs230\cs230 project5\highlevelapi\x64\debug\intersection2d.obj
x:\_dev\digipenwanicprojectsyear2\cs230\cs230 project5\highlevelapi\x64\debug\gameobjectmanager.obj
x:\_dev\digipenwanicprojectsyear2\cs230\cs230 project5\highlevelapi\x64\debug\gameobjectfactory.obj
x:\_dev\digipenwanicprojectsyear2\cs230\cs230 project5\highlevelapi\x64\debug\gameobject.obj
x:\_dev\digipenwanicprojectsyear2\cs230\cs230 project5\highlevelapi\x64\debug\component.obj
x:\_dev\digipenwanicprojectsyear2\cs230\cs230 project5\highlevelapi\x64\debug\collidertilemap.obj
x:\_dev\digipenwanicprojectsyear2\cs230\cs230 project5\highlevelapi\x64\debug\colliderrectangle.obj
x:\_dev\digipenwanicprojectsyear2\cs230\cs230 project5\highlevelapi\x64\debug\colliderpoint.obj
x:\_dev\digipenwanicprojectsyear2\cs230\cs230 project5\highlevelapi\x64\debug\collidercircle.obj
x:\_dev\digipenwanicprojectsyear2\cs230\cs230 project5\highlevelapi\x64\debug\collider.obj
x:\_dev\digipenwanicprojectsyear2\cs230\cs230 project5\highlevelapi\x64\debug\animation.obj
x:\_dev\digipenwanicprojectsyear2\cs230\cs230 project5\highlevelapi\x64\debug\transform.obj
x:\_dev\digipenwanicprojectsyear2\cs230\cs230 project5\highlevelapi\x64\debug\tilemap.obj
x:\_dev\digipenwanicprojectsyear2\cs230\cs230 project5\highlevelapi\x64\debug\spritetilemap.obj
x:\_dev\digipenwanicprojectsyear2\cs230\cs230 project5\highlevelapi\x64\debug\spritetext.obj
x:\_dev\digipenwanicprojectsyear2\cs230\cs230 project5\highlevelapi\x64\debug\spritesource.obj
x:\_dev\digipenwanicprojectsyear2\cs230\cs230 project5\highlevelapi\x64\debug\sprite.obj
x:\_dev\digipenwanicprojectsyear2\cs230\cs230 project5\highlevelapi\lib\betahigh_x64_d.lib
x:\_dev\digipenwanicprojectsyear2\cs230\cs230 project5\highlevelapi\\lib\betahigh_x64_d.pdb
x:\_dev\digipenwanicprojectsyear2\cs230\cs230 project5\highlevelapi\\lib\betahigh_x64_d.lib
x:\_dev\digipenwanicprojectsyear2\cs230\cs230 project5\highlevelapi\x64\debug\highlevelapi.tlog\cl.command.1.tlog
x:\_dev\digipenwanicprojectsyear2\cs230\cs230 project5\highlevelapi\x64\debug\highlevelapi.tlog\cl.read.1.tlog
x:\_dev\digipenwanicprojectsyear2\cs230\cs230 project5\highlevelapi\x64\debug\highlevelapi.tlog\cl.write.1.tlog
x:\_dev\digipenwanicprojectsyear2\cs230\cs230 project5\highlevelapi\x64\debug\highlevelapi.tlog\lib-link.read.1.tlog
x:\_dev\digipenwanicprojectsyear2\cs230\cs230 project5\highlevelapi\x64\debug\highlevelapi.tlog\lib-link.write.1.tlog
x:\_dev\digipenwanicprojectsyear2\cs230\cs230 project5\highlevelapi\x64\debug\highlevelapi.tlog\lib.command.1.tlog
